Build started 7-4-2012 13:02:35.
     1>Project "C:\Users\Daan\Desktop\DCPU-16\DCPU-16\DCPU-16.vcxproj" on node 2 (build target(s)).
     1>InitializeBuildStatus:
         Creating "Debug\DCPU-16.unsuccessfulbuild" because "AlwaysCreate" was specified.
       ClCompile:
         c:\Program Files (x86)\Microsoft Visual Studio 10.0\VC\bin\CL.exe /c /ZI /nologo /W4 /WX- /Od /Oy- /D _MBCS /Gm /EHsc /RTC1 /MDd /GS /fp:precise /Zc:wchar_t /Zc:forScope /Fo"Debug\\" /Fd"Debug\vc100.pdb" /Gd /TP /analyze- /errorReport:prompt DCPU.cpp main.cpp
         DCPU.cpp
     1>c:\users\daan\desktop\dcpu-16\dcpu-16\dcpu.h(28): warning C4201: nonstandard extension used : nameless struct/union
     1>c:\users\daan\desktop\dcpu-16\dcpu-16\dcpu.h(34): warning C4201: nonstandard extension used : nameless struct/union
         Generating Code...
         Compiling...
         main.cpp
     1>c:\users\daan\desktop\dcpu-16\dcpu-16\dcpu.h(28): warning C4201: nonstandard extension used : nameless struct/union
     1>c:\users\daan\desktop\dcpu-16\dcpu-16\dcpu.h(34): warning C4201: nonstandard extension used : nameless struct/union
         Generating Code...
       Link:
         c:\Program Files (x86)\Microsoft Visual Studio 10.0\VC\bin\link.exe /ERRORREPORT:PROMPT /OUT:"C:\Users\Daan\Desktop\DCPU-16\Debug\DCPU-16.exe" /NOLOGO kernel32.lib user32.lib gdi32.lib winspool.lib comdlg32.lib advapi32.lib shell32.lib ole32.lib oleaut32.lib uuid.lib odbc32.lib odbccp32.lib /MANIFEST /ManifestFile:"Debug\DCPU-16.exe.intermediate.manifest" /MANIFESTUAC:"level='asInvoker' uiAccess='false'" /DEBUG /PDB:"C:\Users\Daan\Desktop\DCPU-16\Debug\DCPU-16.pdb" /TLBID:1 /DYNAMICBASE /NXCOMPAT /IMPLIB:"C:\Users\Daan\Desktop\DCPU-16\Debug\DCPU-16.lib" /MACHINE:X86 Debug\DCPU.obj
         Debug\main.obj
         LINK : C:\Users\Daan\Desktop\DCPU-16\Debug\DCPU-16.exe not found or not built by the last incremental link; performing full link
         DCPU-16.vcxproj -> C:\Users\Daan\Desktop\DCPU-16\Debug\DCPU-16.exe
       Manifest:
         C:\Program Files (x86)\Microsoft SDKs\Windows\v7.0A\bin\mt.exe /nologo /verbose /outputresource:"C:\Users\Daan\Desktop\DCPU-16\Debug\DCPU-16.exe;#1" /manifest "Debug\DCPU-16.exe.intermediate.manifest"
       FinalizeBuildStatus:
         Deleting file "Debug\DCPU-16.unsuccessfulbuild".
         Touching "Debug\DCPU-16.lastbuildstate".
     1>Done Building Project "C:\Users\Daan\Desktop\DCPU-16\DCPU-16\DCPU-16.vcxproj" (build target(s)).

Build succeeded.

Time Elapsed 00:00:01.06
