Build started 7-4-2012 12:17:47.
     1>Project "C:\Users\Daan\Desktop\DCPU-16\DCPU-16\DCPU-16.vcxproj" on node 2 (build target(s)).
     1>InitializeBuildStatus:
         Creating "Release\DCPU-16.unsuccessfulbuild" because "AlwaysCreate" was specified.
       ClCompile:
         c:\Program Files (x86)\Microsoft Visual Studio 10.0\VC\bin\CL.exe /c /Zi /nologo /W4 /WX- /O2 /Oi /Oy- /GL /D _MBCS /Gm- /EHsc /MD /GS /Gy /fp:precise /Zc:wchar_t /Zc:forScope /Fo"Release\\" /Fd"Release\vc100.pdb" /Gd /TP /analyze- /errorReport:prompt DCPU.cpp main.cpp
         DCPU.cpp
     1>c:\users\daan\desktop\dcpu-16\dcpu-16\DCPU.h(28): warning C4201: nonstandard extension used : nameless struct/union
     1>c:\users\daan\desktop\dcpu-16\dcpu-16\DCPU.h(34): warning C4201: nonstandard extension used : nameless struct/union
         main.cpp
     1>c:\users\daan\desktop\dcpu-16\dcpu-16\DCPU.h(28): warning C4201: nonstandard extension used : nameless struct/union
     1>c:\users\daan\desktop\dcpu-16\dcpu-16\DCPU.h(34): warning C4201: nonstandard extension used : nameless struct/union
       Link:
         c:\Program Files (x86)\Microsoft Visual Studio 10.0\VC\bin\link.exe /ERRORREPORT:PROMPT /OUT:"C:\Users\Daan\Desktop\DCPU-16\Release\DCPU-16.exe" /NOLOGO kernel32.lib user32.lib gdi32.lib winspool.lib comdlg32.lib advapi32.lib shell32.lib ole32.lib oleaut32.lib uuid.lib odbc32.lib odbccp32.lib /MANIFEST /ManifestFile:"Release\DCPU-16.exe.intermediate.manifest" /MANIFESTUAC:"level='asInvoker' uiAccess='false'" /DEBUG /PDB:"C:\Users\Daan\Desktop\DCPU-16\Release\DCPU-16.pdb" /OPT:REF /OPT:ICF /LTCG /TLBID:1 /DYNAMICBASE /NXCOMPAT /IMPLIB:"C:\Users\Daan\Desktop\DCPU-16\Release\DCPU-16.lib" /MACHINE:X86 Release\DCPU.obj
         Release\main.obj
         Generating code
         Finished generating code
         DCPU-16.vcxproj -> C:\Users\Daan\Desktop\DCPU-16\Release\DCPU-16.exe
       Manifest:
         C:\Program Files (x86)\Microsoft SDKs\Windows\v7.0A\bin\mt.exe /nologo /verbose /outputresource:"C:\Users\Daan\Desktop\DCPU-16\Release\DCPU-16.exe;#1" /manifest "Release\DCPU-16.exe.intermediate.manifest"
       FinalizeBuildStatus:
         Deleting file "Release\DCPU-16.unsuccessfulbuild".
         Touching "Release\DCPU-16.lastbuildstate".
     1>Done Building Project "C:\Users\Daan\Desktop\DCPU-16\DCPU-16\DCPU-16.vcxproj" (build target(s)).

Build succeeded.

Time Elapsed 00:00:00.70
